<?xml version="1.0" encoding="UTF-8"?>
<testng-results skipped="0" failed="1" ignored="0" total="1" passed="0">
  <reporter-output>
  </reporter-output>
  <suite name="Default suite" duration-ms="10732" started-at="2022-03-21T05:10:31Z" finished-at="2022-03-21T05:10:41Z">
    <groups>
    </groups>
    <test name="Default test" duration-ms="10732" started-at="2022-03-21T05:10:31Z" finished-at="2022-03-21T05:10:41Z">
      <class name="com.Base.BaseTest">
        <test-method status="PASS" signature="startAppium()[pri:0, instance:com.Base.BaseTest@52aa2946]" name="startAppium" is-config="true" duration-ms="2036" started-at="2022-03-21T05:10:29Z" finished-at="2022-03-21T05:10:31Z">
          <reporter-output>
          </reporter-output>
        </test-method> <!-- startAppium -->
        <test-method status="PASS" signature="setUp()[pri:0, instance:com.Base.BaseTest@52aa2946]" name="setUp" is-config="true" duration-ms="8429" started-at="2022-03-21T05:10:31Z" finished-at="2022-03-21T05:10:39Z">
          <reporter-output>
          </reporter-output>
        </test-method> <!-- setUp -->
        <test-method status="FAIL" signature="apiDemos()[pri:0, instance:com.Base.BaseTest@52aa2946]" name="apiDemos" duration-ms="2091" started-at="2022-03-21T05:10:39Z" finished-at="2022-03-21T05:10:41Z">
          <exception class="java.lang.NullPointerException">
            <full-stacktrace>
              <![CDATA[java.lang.NullPointerException
at com.Base.BaseTest.voidSwipevertical(BaseTest.java:95)
at com.Base.BaseTest.apiDemos(BaseTest.java:86)
at sun.reflect.NativeMethodAccessorImpl.invoke0(Native Method)
at sun.reflect.NativeMethodAccessorImpl.invoke(NativeMethodAccessorImpl.java:62)
at sun.reflect.DelegatingMethodAccessorImpl.invoke(DelegatingMethodAccessorImpl.java:43)
at java.lang.reflect.Method.invoke(Method.java:498)
at org.testng.internal.MethodInvocationHelper.invokeMethod(MethodInvocationHelper.java:124)
at org.testng.internal.Invoker.invokeMethod(Invoker.java:583)
at org.testng.internal.Invoker.invokeTestMethod(Invoker.java:719)
at org.testng.internal.Invoker.invokeTestMethods(Invoker.java:989)
at org.testng.internal.TestMethodWorker.invokeTestMethods(TestMethodWorker.java:125)
at org.testng.internal.TestMethodWorker.run(TestMethodWorker.java:109)
at org.testng.TestRunner.privateRun(TestRunner.java:648)
at org.testng.TestRunner.run(TestRunner.java:505)
at org.testng.SuiteRunner.runTest(SuiteRunner.java:455)
at org.testng.SuiteRunner.runSequentially(SuiteRunner.java:450)
at org.testng.SuiteRunner.privateRun(SuiteRunner.java:415)
at org.testng.SuiteRunner.run(SuiteRunner.java:364)
at org.testng.SuiteRunnerWorker.runSuite(SuiteRunnerWorker.java:52)
at org.testng.SuiteRunnerWorker.run(SuiteRunnerWorker.java:84)
at org.testng.TestNG.runSuitesSequentially(TestNG.java:1208)
at org.testng.TestNG.runSuitesLocally(TestNG.java:1137)
at org.testng.TestNG.runSuites(TestNG.java:1049)
at org.testng.TestNG.run(TestNG.java:1017)
at org.testng.remote.AbstractRemoteTestNG.run(AbstractRemoteTestNG.java:115)
at org.testng.remote.RemoteTestNG.initAndRun(RemoteTestNG.java:251)
at org.testng.remote.RemoteTestNG.main(RemoteTestNG.java:77)
]]>
            </full-stacktrace>
          </exception> <!-- java.lang.NullPointerException -->
          <reporter-output>
          </reporter-output>
        </test-method> <!-- apiDemos -->
        <test-method status="PASS" signature="stopAppium()[pri:0, instance:com.Base.BaseTest@52aa2946]" name="stopAppium" is-config="true" duration-ms="180" started-at="2022-03-21T05:10:41Z" finished-at="2022-03-21T05:10:41Z">
          <reporter-output>
          </reporter-output>
        </test-method> <!-- stopAppium -->
        <test-method status="PASS" signature="closeAppium()[pri:0, instance:com.Base.BaseTest@52aa2946]" name="closeAppium" is-config="true" duration-ms="52" started-at="2022-03-21T05:10:41Z" finished-at="2022-03-21T05:10:42Z">
          <reporter-output>
          </reporter-output>
        </test-method> <!-- closeAppium -->
      </class> <!-- com.Base.BaseTest -->
    </test> <!-- Default test -->
  </suite> <!-- Default suite -->
</testng-results>
